[ukhtiycollagen.com/ukhtiy-collagen-ev/index86a2.html]
[backblue.gif]
[fade.gif]
[index.html]
[ukhtiycollagen.com/wp-content/plugins/elementor/assets/lib/eicons/css/elementor-icons.min192d.css]
[ukhtiycollagen.com/wp-content/plugins/elementor/assets/css/frontend-lite.min8864.css]
[ukhtiycollagen.com/wp-content/plugins/elementor/assets/lib/swiper/v8/css/swiper.min94a4.css]
[ukhtiycollagen.com/wp-content/uploads/elementor/css/post-92465.css]
[ukhtiycollagen.com/wp-content/uploads/elementor/css/globalcdf1.css]
[ukhtiycollagen.com/wp-content/uploads/elementor/css/post-2955a3e.css]
[ukhtiycollagen.com/wp-content/plugins/elementor/assets/lib/font-awesome/css/fontawesome.min52d5.css]
[ukhtiycollagen.com/wp-content/plugins/elementor/assets/lib/font-awesome/css/brands.min52d5.css]
[ukhtiycollagen.com/wp-content/plugins/elementor/assets/lib/font-awesome/css/solid.min52d5.css]
[connect.facebook.net/en_US/fbevents.js]
[ukhtiycollagen.com/wp-content/uploads/2024/01/TERJUAL-1-1.gif]
[ukhtiycollagen.com/ukhtiy-collagen-ev/index.html]
[ukhtiycollagen.com/ukhtiy-collagen-ev/POST]
[cdn.orderonline.id/js/embed-v2-slim.min0987.js]
[cdn.orderonline.id/js/vendor/jquery.min.js]
[ukhtiycollagen.com/wp-content/plugins/elementor/assets/js/webpack.runtime.min8864.js]
[ukhtiycollagen.com/wp-includes/js/jquery/jquery.minf43b.js]
[ukhtiycollagen.com/wp-includes/js/jquery/jquery-migrate.min5589.js]
[ukhtiycollagen.com/wp-content/plugins/elementor/assets/js/frontend-modules.min8864.js]
[ukhtiycollagen.com/wp-content/plugins/elementor/assets/lib/waypoints/waypoints.min05da.js]
[ukhtiycollagen.com/wp-includes/js/jquery/ui/core.minb37e.js]
[ukhtiycollagen.com/wp-content/plugins/elementor/assets/js/frontend.min8864.js]
[ukhtiycollagen.com/ukhtiy-collagen-ev/index86a2.html]
[ukhtiycollagen.com/wp-content/plugins/elementor/assets/lib/eicons/css/elementor-icons.min192d.css]
[ukhtiycollagen.com/wp-content/plugins/elementor/assets/css/frontend-lite.min8864.css]
[ukhtiycollagen.com/wp-content/plugins/elementor/assets/lib/swiper/v8/css/swiper.min94a4.css]
[ukhtiycollagen.com/wp-content/uploads/elementor/css/post-92465.css]
[ukhtiycollagen.com/wp-content/uploads/elementor/css/globalcdf1.css]
[ukhtiycollagen.com/wp-content/uploads/elementor/css/post-2955a3e.css]
[ukhtiycollagen.com/wp-content/plugins/elementor/assets/lib/font-awesome/css/fontawesome.min52d5.css]
[ukhtiycollagen.com/wp-content/plugins/elementor/assets/lib/font-awesome/css/brands.min52d5.css]
[ukhtiycollagen.com/wp-content/plugins/elementor/assets/lib/font-awesome/css/solid.min52d5.css]
[ukhtiycollagen.com/ukhtiy-collagen-ev/index.html]
[ukhtiycollagen.com/wp-content/uploads/al_opt_content/CSS/ukhtiycollagen.com/9ad4a056a448a80277608723a58d8e2c_al_style.css]
[ukhtiycollagen.com/ukhtiy-collagen-ev/a]
[ukhtiycollagen.com/ukhtiy-collagen-ev/b.resolvedLink]
[ukhtiycollagen.com/ukhtiy-collagen-ev/schema.org/index.html]
[ukhtiycollagen.com/signals/iwl.js]
[connect.facebook.net/en_US/fbevents.js]
[ukhtiycollagen.com/ukhtiy-collagen-ev/POST.html]
[ukhtiycollagen.com/wp-content/uploads/al_opt_content/CSS/ukhtiycollagen.com/9ad4a056a448a80277608723a58d8e2c_al_style.css]
[ukhtiycollagen.com/ukhtiy-collagen-ev/a.html]
[ukhtiycollagen.com/ukhtiy-collagen-ev/schema.org/index.html]
[ukhtiycollagen.com/ukhtiy-collagen-ev/b.html]
[ukhtiycollagen.com/signals/iwl.html]
